"D:/Epic Games/UE5Projects/ToonTanks 5.0/Content/Blueprints/CameraShake/BP_HitCameraShake.uasset" 0
"D:/Epic Games/UE5Projects/ToonTanks 5.0/Content/Blueprints/CameraShake/BP_HitCameraShake.uexp" 1
"D:/Epic Games/UE5Projects/ToonTanks 5.0/Content/Assets/Materials/M_ParticleBase.uasset" 2
"D:/Epic Games/UE5Projects/ToonTanks 5.0/Content/Assets/Materials/M_ParticleBase.uexp" 3
"D:/Epic Games/UE5Projects/ToonTanks 5.0/Content/Assets/Materials/M_Particle_Inst.uasset" 4
"D:/Epic Games/UE5Projects/ToonTanks 5.0/Content/Assets/Materials/M_Particle_Inst.uexp" 5
"D:/Epic Games/UE5Projects/ToonTanks 5.0/Content/Assets/Meshes/SM_Sphere.uasset" 6
"D:/Epic Games/UE5Projects/ToonTanks 5.0/Content/Assets/Meshes/SM_Sphere.uexp" 7
"D:/Epic Games/UE5Projects/ToonTanks 5.0/Content/Assets/Effects/P_ProjectileTrail.uasset" 8
"D:/Epic Games/UE5Projects/ToonTanks 5.0/Content/Assets/Effects/P_ProjectileTrail.uexp" 9
"D:/Epic Games/UE5Projects/ToonTanks 5.0/Content/Assets/Textures/T_ColourGrid.ubulk" 10
"D:/Epic Games/UE5Projects/ToonTanks 5.0/Content/Assets/Textures/T_ColourGrid.uasset" 11
"D:/Epic Games/UE5Projects/ToonTanks 5.0/Content/Assets/Textures/T_ColourGrid.uexp" 12
"D:/Epic Games/UE5Projects/ToonTanks 5.0/Content/Assets/Materials/M_TextureBase.uasset" 13
"D:/Epic Games/UE5Projects/ToonTanks 5.0/Content/Assets/Materials/M_TextureBase.uexp" 14
"D:/Epic Games/UE5Projects/ToonTanks 5.0/Content/Assets/Materials/M_Texture_Inst.uasset" 15
"D:/Epic Games/UE5Projects/ToonTanks 5.0/Content/Assets/Materials/M_Texture_Inst.uexp" 16
"D:/Epic Games/UE5Projects/ToonTanks 5.0/Content/Assets/Materials/M_EmissiveBase.uasset" 17
"D:/Epic Games/UE5Projects/ToonTanks 5.0/Content/Assets/Materials/M_EmissiveBase.uexp" 18
"D:/Epic Games/UE5Projects/ToonTanks 5.0/Content/Assets/Materials/M_EmissiveRed_Inst.uasset" 19
"D:/Epic Games/UE5Projects/ToonTanks 5.0/Content/Assets/Materials/M_EmissiveRed_Inst.uexp" 20
"D:/Epic Games/UE5Projects/ToonTanks 5.0/Content/Assets/Meshes/SM_Projectile.uasset" 21
"D:/Epic Games/UE5Projects/ToonTanks 5.0/Content/Assets/Meshes/SM_Projectile.uexp" 22
"D:/Epic Games/UE5Projects/ToonTanks 5.0/Content/Assets/Audio/Thud_Audio.ubulk" 23
"D:/Epic Games/UE5Projects/ToonTanks 5.0/Content/Assets/Audio/Thud_Audio.uasset" 24
"D:/Epic Games/UE5Projects/ToonTanks 5.0/Content/Assets/Audio/Thud_Audio.uexp" 25
"D:/Epic Games/UE5Projects/ToonTanks 5.0/Content/Assets/Effects/P_HitEffect.uasset" 26
"D:/Epic Games/UE5Projects/ToonTanks 5.0/Content/Assets/Effects/P_HitEffect.uexp" 27
"D:/Epic Games/UE5Projects/ToonTanks 5.0/Content/Blueprints/Actors/BP_Projectile.uasset" 28
"D:/Epic Games/UE5Projects/ToonTanks 5.0/Content/Blueprints/Actors/BP_Projectile.uexp" 29
"D:/Epic Games/UE5Projects/ToonTanks 5.0/Content/Assets/Effects/P_DeathEffect.uasset" 30
"D:/Epic Games/UE5Projects/ToonTanks 5.0/Content/Assets/Effects/P_DeathEffect.uexp" 31
"D:/Epic Games/UE5Projects/ToonTanks 5.0/Content/Assets/Audio/Explode_Audio.ubulk" 32
"D:/Epic Games/UE5Projects/ToonTanks 5.0/Content/Assets/Audio/Explode_Audio.uasset" 33
"D:/Epic Games/UE5Projects/ToonTanks 5.0/Content/Assets/Audio/Explode_Audio.uexp" 34
"D:/Epic Games/UE5Projects/ToonTanks 5.0/Content/Assets/Materials/M_EmissiveGreen_Inst.uasset" 35
"D:/Epic Games/UE5Projects/ToonTanks 5.0/Content/Assets/Materials/M_EmissiveGreen_Inst.uexp" 36
"D:/Epic Games/UE5Projects/ToonTanks 5.0/Content/Assets/Meshes/SM_TankBase.uasset" 37
"D:/Epic Games/UE5Projects/ToonTanks 5.0/Content/Assets/Meshes/SM_TankBase.uexp" 38
"D:/Epic Games/UE5Projects/ToonTanks 5.0/Content/Assets/Meshes/SM_TankTurret.uasset" 39
"D:/Epic Games/UE5Projects/ToonTanks 5.0/Content/Assets/Meshes/SM_TankTurret.uexp" 40
"D:/Epic Games/UE5Projects/ToonTanks 5.0/Content/Blueprints/CameraShake/BP_DeathCameraShake.uasset" 41
"D:/Epic Games/UE5Projects/ToonTanks 5.0/Content/Blueprints/CameraShake/BP_DeathCameraShake.uexp" 42
"D:/Epic Games/UE5Projects/ToonTanks 5.0/Content/Blueprints/Pawns/BP_PawnTank2.uasset" 43
"D:/Epic Games/UE5Projects/ToonTanks 5.0/Content/Blueprints/Pawns/BP_PawnTank2.uexp" 44
"D:/Epic Games/UE5Projects/ToonTanks 5.0/Content/Blueprints/Widgets/WBP_StartGameBluprint.uasset" 45
"D:/Epic Games/UE5Projects/ToonTanks 5.0/Content/Blueprints/Widgets/WBP_StartGameBluprint.uexp" 46
"D:/Epic Games/UE5Projects/ToonTanks 5.0/Content/Blueprints/Widgets/WBP_EndGameBluprint.uasset" 47
"D:/Epic Games/UE5Projects/ToonTanks 5.0/Content/Blueprints/Widgets/WBP_EndGameBluprint.uexp" 48
"D:/Epic Games/UE5Projects/ToonTanks 5.0/Content/Blueprints/PlayerController/BP_ToonTanksPlayerController.uasset" 49
"D:/Epic Games/UE5Projects/ToonTanks 5.0/Content/Blueprints/PlayerController/BP_ToonTanksPlayerController.uexp" 50
"D:/Epic Games/UE5Projects/ToonTanks 5.0/Content/Blueprints/GameMode/BP_ToonTanksGame.uasset" 51
"D:/Epic Games/UE5Projects/ToonTanks 5.0/Content/Blueprints/GameMode/BP_ToonTanksGame.uexp" 52
"../../../Engine/Plugins/Runtime/HairStrands/Content/Materials/HairMeshesDefaultMaterial.uasset" 53
"../../../Engine/Plugins/Runtime/HairStrands/Content/Materials/HairMeshesDefaultMaterial.uexp" 54
"../../../Engine/Plugins/Runtime/HairStrands/Content/Materials/HairDefaultMaterial.uasset" 55
"../../../Engine/Plugins/Runtime/HairStrands/Content/Materials/HairDefaultMaterial.uexp" 56
"../../../Engine/Plugins/Runtime/HairStrands/Content/Materials/HairGroupColors.uasset" 57
"../../../Engine/Plugins/Runtime/HairStrands/Content/Materials/HairGroupColors.uexp" 58
"../../../Engine/Content/Functions/Engine_MaterialFunctions02/Utility/MakeFloat2.uasset" 59
"../../../Engine/Content/Functions/Engine_MaterialFunctions02/Utility/MakeFloat2.uexp" 60
"../../../Engine/Content/Functions/Engine_MaterialFunctions02/Utility/MakeFloat3.uasset" 61
"../../../Engine/Content/Functions/Engine_MaterialFunctions02/Utility/MakeFloat3.uexp" 62
"../../../Engine/Content/EngineMaterials/HairColorMap.uasset" 63
"../../../Engine/Content/EngineMaterials/HairColorMap.uexp" 64
"../../../Engine/Content/EngineMaterials/HairDebugColor.uasset" 65
"../../../Engine/Content/EngineMaterials/HairDebugColor.uexp" 66
"../../../Engine/Plugins/Runtime/HairStrands/Content/Materials/HairDebugMaterial.uasset" 67
"../../../Engine/Plugins/Runtime/HairStrands/Content/Materials/HairDebugMaterial.uexp" 68
"../../../Engine/Plugins/Runtime/HairStrands/Content/Materials/HairCardsDefaultMaterial.uasset" 69
"../../../Engine/Plugins/Runtime/HairStrands/Content/Materials/HairCardsDefaultMaterial.uexp" 70
"../../../Engine/Plugins/Editor/SpeedTreeImporter/Content/SpeedTree9/game_wind_noise.ubulk" 71
"../../../Engine/Plugins/Editor/SpeedTreeImporter/Content/SpeedTree9/game_wind_noise.uasset" 72
"../../../Engine/Plugins/Editor/SpeedTreeImporter/Content/SpeedTree9/game_wind_noise.uexp" 73
"../../../Engine/Plugins/Editor/SpeedTreeImporter/Content/SpeedTree9/UnpackDirection.uasset" 74
"../../../Engine/Plugins/Editor/SpeedTreeImporter/Content/SpeedTree9/UnpackDirection.uexp" 75
"../../../Engine/Content/Functions/Engine_MaterialFunctions02/ObjectLocalBounds.uasset" 76
"../../../Engine/Content/Functions/Engine_MaterialFunctions02/ObjectLocalBounds.uexp" 77
"../../../Engine/Content/Functions/Engine_MaterialFunctions02/Utility/BreakOutFloat3Components.uasset" 78
"../../../Engine/Content/Functions/Engine_MaterialFunctions02/Utility/BreakOutFloat3Components.uexp" 79
"../../../Engine/Content/Functions/Engine_MaterialFunctions02/UVs/BoundingBoxBased_0-1_UVW.uasset" 80
"../../../Engine/Content/Functions/Engine_MaterialFunctions02/UVs/BoundingBoxBased_0-1_UVW.uexp" 81
"../../../Engine/Content/Functions/Engine_MaterialFunctions02/Utility/VectorLength.uasset" 82
"../../../Engine/Content/Functions/Engine_MaterialFunctions02/Utility/VectorLength.uexp" 83
"../../../Engine/Plugins/Editor/SpeedTreeImporter/Content/SpeedTree9/UnpackInteger3.uasset" 84
"../../../Engine/Plugins/Editor/SpeedTreeImporter/Content/SpeedTree9/UnpackInteger3.uexp" 85
"../../../Engine/Plugins/Editor/SpeedTreeImporter/Content/SpeedTree9/SpeedTreeCameraFacing.uasset" 86
"../../../Engine/Plugins/Editor/SpeedTreeImporter/Content/SpeedTree9/SpeedTreeCameraFacing.uexp" 87
"../../../Engine/Content/Functions/Engine_MaterialFunctions02/WorldPositionOffset/ObjectScale.uasset" 88
"../../../Engine/Content/Functions/Engine_MaterialFunctions02/WorldPositionOffset/ObjectScale.uexp" 89
"../../../Engine/Content/Functions/Engine_MaterialFunctions02/SafeNormalize.uasset" 90
"../../../Engine/Content/Functions/Engine_MaterialFunctions02/SafeNormalize.uexp" 91
"../../../Engine/Plugins/Editor/SpeedTreeImporter/Content/SpeedTree9/SpeedTreeWindMotion.uasset" 92
"../../../Engine/Plugins/Editor/SpeedTreeImporter/Content/SpeedTree9/SpeedTreeWindMotion.uexp" 93
"../../../Engine/Plugins/Editor/SpeedTreeImporter/Content/SpeedTree9/SpeedTreeBranchMotion.uasset" 94
"../../../Engine/Plugins/Editor/SpeedTreeImporter/Content/SpeedTree9/SpeedTreeBranchMotion.uexp" 95
"../../../Engine/Plugins/Editor/SpeedTreeImporter/Content/SpeedTree9/SpeedTreeWind.uasset" 96
"../../../Engine/Plugins/Editor/SpeedTreeImporter/Content/SpeedTree9/SpeedTreeWind.uexp" 97
"../../../Engine/Plugins/Editor/SpeedTreeImporter/Content/SpeedTree9/EmptyNormal.uasset" 98
"../../../Engine/Plugins/Editor/SpeedTreeImporter/Content/SpeedTree9/EmptyNormal.uexp" 99
"../../../Engine/Plugins/Editor/SpeedTreeImporter/Content/SpeedTree9/Empty.uasset" 100
"../../../Engine/Plugins/Editor/SpeedTreeImporter/Content/SpeedTree9/Empty.uexp" 101
"../../../Engine/Plugins/Editor/SpeedTreeImporter/Content/SpeedTree9/SpeedTreeMaster.uasset" 102
"../../../Engine/Plugins/Editor/SpeedTreeImporter/Content/SpeedTree9/SpeedTreeMaster.uexp" 103
"../../../Engine/Plugins/Editor/SpeedTreeImporter/Content/SpeedTree9/SpeedTreeBillboard.uasset" 104
"../../../Engine/Plugins/Editor/SpeedTreeImporter/Content/SpeedTree9/SpeedTreeBillboard.uexp" 105
"../../../Engine/Plugins/Editor/SpeedTreeImporter/Content/SpeedTree9/SpeedTreeBillboardMaster.uasset" 106
"../../../Engine/Plugins/Editor/SpeedTreeImporter/Content/SpeedTree9/SpeedTreeBillboardMaster.uexp" 107
"../../../Engine/Content/Functions/Engine_MaterialFunctions02/WorldPositionOffset/CameraOffset.uasset" 108
"../../../Engine/Content/Functions/Engine_MaterialFunctions02/WorldPositionOffset/CameraOffset.uexp" 109
"../../../Engine/Plugins/Animation/ControlRig/Content/M_Manip.uasset" 110
"../../../Engine/Plugins/Animation/ControlRig/Content/M_Manip.uexp" 111
"../../../Engine/Plugins/Animation/ControlRig/Content/Controls/DefaultGizmoLibraryNormalized.uasset" 112
"../../../Engine/Plugins/Animation/ControlRig/Content/Controls/DefaultGizmoLibraryNormalized.uexp" 113
"../../../Engine/Content/EngineMaterials/T_Default_Material_Grid_M.ubulk" 114
"../../../Engine/Content/EngineMaterials/T_Default_Material_Grid_M.uasset" 115
"../../../Engine/Content/EngineMaterials/T_Default_Material_Grid_M.uexp" 116
"../../../Engine/Content/EngineMaterials/T_Default_Material_Grid_N.ubulk" 117
"../../../Engine/Content/EngineMaterials/T_Default_Material_Grid_N.uasset" 118
"../../../Engine/Content/EngineMaterials/T_Default_Material_Grid_N.uexp" 119
"../../../Engine/Content/Functions/Engine_MaterialFunctions01/Opacity/CameraDepthFade.uasset" 120
"../../../Engine/Content/Functions/Engine_MaterialFunctions01/Opacity/CameraDepthFade.uexp" 121
"../../../Engine/Content/EngineMaterials/WorldGridMaterial.uasset" 122
"../../../Engine/Content/EngineMaterials/WorldGridMaterial.uexp" 123
"../../../Engine/Plugins/Animation/ControlRig/Content/Controls/ControlRig_Wedge_solid.uasset" 124
"../../../Engine/Plugins/Animation/ControlRig/Content/Controls/ControlRig_Wedge_solid.uexp" 125
"../../../Engine/Plugins/Animation/ControlRig/Content/Controls/ControlRig_Wedge_3mm.uasset" 126
"../../../Engine/Plugins/Animation/ControlRig/Content/Controls/ControlRig_Wedge_3mm.uexp" 127
"../../../Engine/Plugins/Animation/ControlRig/Content/Controls/ControlRig_Wedge_1mm.uasset" 128
"../../../Engine/Plugins/Animation/ControlRig/Content/Controls/ControlRig_Wedge_1mm.uexp" 129
"../../../Engine/Plugins/Animation/ControlRig/Content/Controls/ControlRig_Triangle_solid.uasset" 130
"../../../Engine/Plugins/Animation/ControlRig/Content/Controls/ControlRig_Triangle_solid.uexp" 131
"../../../Engine/Plugins/Animation/ControlRig/Content/Controls/ControlRig_Triangle_3mm.uasset" 132
"../../../Engine/Plugins/Animation/ControlRig/Content/Controls/ControlRig_Triangle_3mm.uexp" 133
"../../../Engine/Plugins/Animation/ControlRig/Content/Controls/ControlRig_Triangle_1mm.uasset" 134
"../../../Engine/Plugins/Animation/ControlRig/Content/Controls/ControlRig_Triangle_1mm.uexp" 135
"../../../Engine/Plugins/Animation/ControlRig/Content/Controls/ControlRig_Star4_solid.uasset" 136
"../../../Engine/Plugins/Animation/ControlRig/Content/Controls/ControlRig_Star4_solid.uexp" 137
"../../../Engine/Plugins/Animation/ControlRig/Content/Controls/ControlRig_Star4_3mm.uasset" 138
"../../../Engine/Plugins/Animation/ControlRig/Content/Controls/ControlRig_Star4_3mm.uexp" 139
"../../../Engine/Plugins/Animation/ControlRig/Content/Controls/ControlRig_Star4_1mm.uasset" 140
"../../../Engine/Plugins/Animation/ControlRig/Content/Controls/ControlRig_Star4_1mm.uexp" 141
"../../../Engine/Plugins/Animation/ControlRig/Content/Controls/ControlRig_Square_solid.uasset" 142
"../../../Engine/Plugins/Animation/ControlRig/Content/Controls/ControlRig_Square_solid.uexp" 143
"../../../Engine/Plugins/Animation/ControlRig/Content/Controls/ControlRig_Square_3mm.uasset" 144
"../../../Engine/Plugins/Animation/ControlRig/Content/Controls/ControlRig_Square_3mm.uexp" 145
"../../../Engine/Plugins/Animation/ControlRig/Content/Controls/ControlRig_Square_1mm.uasset" 146
"../../../Engine/Plugins/Animation/ControlRig/Content/Controls/ControlRig_Square_1mm.uexp" 147
"../../../Engine/Plugins/Animation/ControlRig/Content/Controls/ControlRig_Sphere_solid.uasset" 148
"../../../Engine/Plugins/Animation/ControlRig/Content/Controls/ControlRig_Sphere_solid.uexp" 149
"../../../Engine/Plugins/Animation/ControlRig/Content/Controls/ControlRig_Sphere_3mm.uasset" 150
"../../../Engine/Plugins/Animation/ControlRig/Content/Controls/ControlRig_Sphere_3mm.uexp" 151
"../../../Engine/Plugins/Animation/ControlRig/Content/Controls/ControlRig_Sphere_1mm.uasset" 152
"../../../Engine/Plugins/Animation/ControlRig/Content/Controls/ControlRig_Sphere_1mm.uexp" 153
"../../../Engine/Plugins/Animation/ControlRig/Content/Controls/ControlRig_RoundedTriangle_solid.uasset" 154
"../../../Engine/Plugins/Animation/ControlRig/Content/Controls/ControlRig_RoundedTriangle_solid.uexp" 155
"../../../Engine/Plugins/Animation/ControlRig/Content/Controls/ControlRig_RoundedTriangle_3mm.uasset" 156
"../../../Engine/Plugins/Animation/ControlRig/Content/Controls/ControlRig_RoundedTriangle_3mm.uexp" 157
"../../../Engine/Plugins/Animation/ControlRig/Content/Controls/ControlRig_RoundedTriangle_1mm.uasset" 158
"../../../Engine/Plugins/Animation/ControlRig/Content/Controls/ControlRig_RoundedTriangle_1mm.uexp" 159
"../../../Engine/Plugins/Animation/ControlRig/Content/Controls/ControlRig_RoundedSquare_solid.uasset" 160
"../../../Engine/Plugins/Animation/ControlRig/Content/Controls/ControlRig_RoundedSquare_solid.uexp" 161
"../../../Engine/Plugins/Animation/ControlRig/Content/Controls/ControlRig_RoundedSquare_3mm.uasset" 162
"../../../Engine/Plugins/Animation/ControlRig/Content/Controls/ControlRig_RoundedSquare_3mm.uexp" 163
"../../../Engine/Plugins/Animation/ControlRig/Content/Controls/ControlRig_RoundedSquare_1mm.uasset" 164
"../../../Engine/Plugins/Animation/ControlRig/Content/Controls/ControlRig_RoundedSquare_1mm.uexp" 165
"../../../Engine/Plugins/Animation/ControlRig/Content/Controls/ControlRig_QuarterCircle_solid.uasset" 166
"../../../Engine/Plugins/Animation/ControlRig/Content/Controls/ControlRig_QuarterCircle_solid.uexp" 167
"../../../Engine/Plugins/Animation/ControlRig/Content/Controls/ControlRig_QuarterCircle_3mm.uasset" 168
"../../../Engine/Plugins/Animation/ControlRig/Content/Controls/ControlRig_QuarterCircle_3mm.uexp" 169
"../../../Engine/Plugins/Animation/ControlRig/Content/Controls/ControlRig_QuarterCircle_1mm.uasset" 170
"../../../Engine/Plugins/Animation/ControlRig/Content/Controls/ControlRig_QuarterCircle_1mm.uexp" 171
"../../../Engine/Plugins/Animation/ControlRig/Content/Controls/ControlRig_Pyramid_solid.uasset" 172
"../../../Engine/Plugins/Animation/ControlRig/Content/Controls/ControlRig_Pyramid_solid.uexp" 173
"../../../Engine/Plugins/Animation/ControlRig/Content/Controls/ControlRig_Pyramid_3mm.uasset" 174
"../../../Engine/Plugins/Animation/ControlRig/Content/Controls/ControlRig_Pyramid_3mm.uexp" 175
"../../../Engine/Plugins/Animation/ControlRig/Content/Controls/ControlRig_Pyramid_1mm.uasset" 176
"../../../Engine/Plugins/Animation/ControlRig/Content/Controls/ControlRig_Pyramid_1mm.uexp" 177
"../../../Engine/Plugins/Animation/ControlRig/Content/Controls/ControlRig_Octagon_solid.uasset" 178
"../../../Engine/Plugins/Animation/ControlRig/Content/Controls/ControlRig_Octagon_solid.uexp" 179
"../../../Engine/Plugins/Animation/ControlRig/Content/Controls/ControlRig_Octagon_3mm.uasset" 180
"../../../Engine/Plugins/Animation/ControlRig/Content/Controls/ControlRig_Octagon_3mm.uexp" 181
"../../../Engine/Plugins/Animation/ControlRig/Content/Controls/ControlRig_Octagon_1mm.uasset" 182
"../../../Engine/Plugins/Animation/ControlRig/Content/Controls/ControlRig_Octagon_1mm.uexp" 183
"../../../Engine/Plugins/Animation/ControlRig/Content/Controls/ControlRig_Hexagon_solid.uasset" 184
"../../../Engine/Plugins/Animation/ControlRig/Content/Controls/ControlRig_Hexagon_solid.uexp" 185
"../../../Engine/Plugins/Animation/ControlRig/Content/Controls/ControlRig_Hexagon_3mm.uasset" 186
"../../../Engine/Plugins/Animation/ControlRig/Content/Controls/ControlRig_Hexagon_3mm.uexp" 187
"../../../Engine/Plugins/Animation/ControlRig/Content/Controls/ControlRig_Hexagon_1mm.uasset" 188
"../../../Engine/Plugins/Animation/ControlRig/Content/Controls/ControlRig_Hexagon_1mm.uexp" 189
"../../../Engine/Plugins/Animation/ControlRig/Content/Controls/ControlRig_HalfCircle_solid.uasset" 190
"../../../Engine/Plugins/Animation/ControlRig/Content/Controls/ControlRig_HalfCircle_solid.uexp" 191
"../../../Engine/Plugins/Animation/ControlRig/Content/Controls/ControlRig_HalfCircle_3mm.uasset" 192
"../../../Engine/Plugins/Animation/ControlRig/Content/Controls/ControlRig_HalfCircle_3mm.uexp" 193
"../../../Engine/Plugins/Animation/ControlRig/Content/Controls/ControlRig_HalfCircle_1mm.uasset" 194
"../../../Engine/Plugins/Animation/ControlRig/Content/Controls/ControlRig_HalfCircle_1mm.uexp" 195
"../../../Engine/Plugins/Animation/ControlRig/Content/Controls/ControlRig_Diamond_solid.uasset" 196
"../../../Engine/Plugins/Animation/ControlRig/Content/Controls/ControlRig_Diamond_solid.uexp" 197
"../../../Engine/Plugins/Animation/ControlRig/Content/Controls/ControlRig_Diamond_3mm.uasset" 198
"../../../Engine/Plugins/Animation/ControlRig/Content/Controls/ControlRig_Diamond_3mm.uexp" 199
"../../../Engine/Plugins/Animation/ControlRig/Content/Controls/ControlRig_Diamond_1mm.uasset" 200
"../../../Engine/Plugins/Animation/ControlRig/Content/Controls/ControlRig_Diamond_1mm.uexp" 201
"../../../Engine/Plugins/Animation/ControlRig/Content/Controls/ControlRig_Circle_solid.uasset" 202
"../../../Engine/Plugins/Animation/ControlRig/Content/Controls/ControlRig_Circle_solid.uexp" 203
"../../../Engine/Plugins/Animation/ControlRig/Content/Controls/ControlRig_Circle_3mm.uasset" 204
"../../../Engine/Plugins/Animation/ControlRig/Content/Controls/ControlRig_Circle_3mm.uexp" 205
"../../../Engine/Plugins/Animation/ControlRig/Content/Controls/ControlRig_Circle_1mm.uasset" 206
"../../../Engine/Plugins/Animation/ControlRig/Content/Controls/ControlRig_Circle_1mm.uexp" 207
"../../../Engine/Plugins/Animation/ControlRig/Content/Controls/ControlRig_Box_solid.uasset" 208
"../../../Engine/Plugins/Animation/ControlRig/Content/Controls/ControlRig_Box_solid.uexp" 209
"../../../Engine/Plugins/Animation/ControlRig/Content/Controls/ControlRig_Box_3mm.uasset" 210
"../../../Engine/Plugins/Animation/ControlRig/Content/Controls/ControlRig_Box_3mm.uexp" 211
"../../../Engine/Plugins/Animation/ControlRig/Content/Controls/ControlRig_Box_1mm.uasset" 212
"../../../Engine/Plugins/Animation/ControlRig/Content/Controls/ControlRig_Box_1mm.uexp" 213
"../../../Engine/Plugins/Animation/ControlRig/Content/Controls/ControlRig_Arrow_solid.uasset" 214
"../../../Engine/Plugins/Animation/ControlRig/Content/Controls/ControlRig_Arrow_solid.uexp" 215
"../../../Engine/Plugins/Animation/ControlRig/Content/Controls/ControlRig_Arrow_3mm.uasset" 216
"../../../Engine/Plugins/Animation/ControlRig/Content/Controls/ControlRig_Arrow_3mm.uexp" 217
"../../../Engine/Plugins/Animation/ControlRig/Content/Controls/ControlRig_Arrow_1mm.uasset" 218
"../../../Engine/Plugins/Animation/ControlRig/Content/Controls/ControlRig_Arrow_1mm.uexp" 219
"../../../Engine/Plugins/Animation/ControlRig/Content/Controls/ControlRig_Arrow4_solid.uasset" 220
"../../../Engine/Plugins/Animation/ControlRig/Content/Controls/ControlRig_Arrow4_solid.uexp" 221
"../../../Engine/Plugins/Animation/ControlRig/Content/Controls/ControlRig_Arrow4_3mm.uasset" 222
"../../../Engine/Plugins/Animation/ControlRig/Content/Controls/ControlRig_Arrow4_3mm.uexp" 223
"../../../Engine/Plugins/Animation/ControlRig/Content/Controls/ControlRig_Arrow4_1mm.uasset" 224
"../../../Engine/Plugins/Animation/ControlRig/Content/Controls/ControlRig_Arrow4_1mm.uexp" 225
"../../../Engine/Plugins/Animation/ControlRig/Content/Controls/ControlRig_Arrow2_solid.uasset" 226
"../../../Engine/Plugins/Animation/ControlRig/Content/Controls/ControlRig_Arrow2_solid.uexp" 227
"../../../Engine/Plugins/Animation/ControlRig/Content/Controls/ControlRig_Arrow2_3mm.uasset" 228
"../../../Engine/Plugins/Animation/ControlRig/Content/Controls/ControlRig_Arrow2_3mm.uexp" 229
"../../../Engine/Plugins/Animation/ControlRig/Content/Controls/ControlRig_Arrow2_1mm.uasset" 230
"../../../Engine/Plugins/Animation/ControlRig/Content/Controls/ControlRig_Arrow2_1mm.uexp" 231
"../../../Engine/Plugins/Animation/ControlRig/Content/Controls/ControlRigGizmoMaterial.uasset" 232
"../../../Engine/Plugins/Animation/ControlRig/Content/Controls/ControlRigGizmoMaterial.uexp" 233
"../../../Engine/Plugins/2D/Paper2D/Content/PlaceholderTextures/DummySpriteTexture.ubulk" 234
"../../../Engine/Plugins/2D/Paper2D/Content/PlaceholderTextures/DummySpriteTexture.uasset" 235
"../../../Engine/Plugins/2D/Paper2D/Content/PlaceholderTextures/DummySpriteTexture.uexp" 236
"../../../Engine/Plugins/2D/Paper2D/Content/DefaultSpriteMaterial.uasset" 237
"../../../Engine/Plugins/2D/Paper2D/Content/DefaultSpriteMaterial.uexp" 238
"../../../Engine/Plugins/2D/Paper2D/Content/OpaqueUnlitSpriteMaterial.uasset" 239
"../../../Engine/Plugins/2D/Paper2D/Content/OpaqueUnlitSpriteMaterial.uexp" 240
"../../../Engine/Plugins/2D/Paper2D/Content/MaskedUnlitSpriteMaterial.uasset" 241
"../../../Engine/Plugins/2D/Paper2D/Content/MaskedUnlitSpriteMaterial.uexp" 242
"../../../Engine/Plugins/2D/Paper2D/Content/DummySprite.uasset" 243
"../../../Engine/Plugins/2D/Paper2D/Content/DummySprite.uexp" 244
"../../../Engine/Plugins/2D/Paper2D/Content/DefaultPaperTerrainMaterial.uasset" 245
"../../../Engine/Plugins/2D/Paper2D/Content/DefaultPaperTerrainMaterial.uexp" 246
"../../../Engine/Content/VREditor/TransformGizmo/Main.uasset" 247
"../../../Engine/Content/VREditor/TransformGizmo/Main.uexp" 248
"../../../Engine/Content/VREditor/TransformGizmo/Xray.uasset" 249
"../../../Engine/Content/VREditor/TransformGizmo/Xray.uexp" 250
"../../../Engine/Content/VREditor/TransformGizmo/SM_Sequencer_Node.uasset" 251
"../../../Engine/Content/VREditor/TransformGizmo/SM_Sequencer_Node.uexp" 252
"../../../Engine/Content/VREditor/LaserPointer/VR_LaserPower_01.ubulk" 253
"../../../Engine/Content/VREditor/LaserPointer/VR_LaserPower_01.uasset" 254
"../../../Engine/Content/VREditor/LaserPointer/VR_LaserPower_01.uexp" 255
"../../../Engine/Content/VREditor/TransformGizmo/TransformGizmoMaterial.uasset" 256
"../../../Engine/Content/VREditor/TransformGizmo/TransformGizmoMaterial.uexp" 257
"../../../Engine/Content/VREditor/TransformGizmo/TranslucentTransformGizmoMaterial.uasset" 258
"../../../Engine/Content/VREditor/TransformGizmo/TranslucentTransformGizmoMaterial.uexp" 259
"../../../Engine/Content/VREditor/TransformGizmo/PlaneTranslationHandle.uasset" 260
"../../../Engine/Content/VREditor/TransformGizmo/PlaneTranslationHandle.uexp" 261
"../../../Engine/Content/VREditor/TransformGizmo/BoundingBoxEdge.uasset" 262
"../../../Engine/Content/VREditor/TransformGizmo/BoundingBoxEdge.uexp" 263
"../../../Engine/Content/VREditor/TransformGizmo/BoundingBoxCorner.uasset" 264
"../../../Engine/Content/VREditor/TransformGizmo/BoundingBoxCorner.uexp" 265
"../../../Engine/Content/Tutorial/ContentIntroCurve.uasset" 266
"../../../Engine/Content/Tutorial/ContentIntroCurve.uexp" 267
"../../../Engine/Content/MobileResources/HUD/VirtualJoystick_Background.uasset" 268
"../../../Engine/Content/MobileResources/HUD/VirtualJoystick_Background.uexp" 269
"../../../Engine/Content/MobileResources/HUD/VirtualJoystick_Thumb.uasset" 270
"../../../Engine/Content/MobileResources/HUD/VirtualJoystick_Thumb.uexp" 271
"../../../Engine/Content/MobileResources/HUD/DefaultVirtualJoysticks.uasset" 272
"../../../Engine/Content/MobileResources/HUD/DefaultVirtualJoysticks.uexp" 273
"../../../Engine/Content/Functions/Engine_MaterialFunctions01/Shading/PowerToRoughness.uasset" 274
"../../../Engine/Content/Functions/Engine_MaterialFunctions01/Shading/PowerToRoughness.uexp" 275
"../../../Engine/Content/Functions/Engine_MaterialFunctions01/Shading/ConvertFromDiffSpec.uasset" 276
"../../../Engine/Content/Functions/Engine_MaterialFunctions01/Shading/ConvertFromDiffSpec.uexp" 277
"../../../Engine/Content/EngineSounds/Master.uasset" 278
"../../../Engine/Content/EngineSounds/Master.uexp" 279
"../../../Engine/Content/EngineSky/VolumetricClouds/CloudWeatherTexture.uasset" 280
"../../../Engine/Content/EngineSky/VolumetricClouds/CloudWeatherTexture.uexp" 281
"../../../Engine/Content/EngineSky/VolumetricClouds/CloudGradientTexture.uasset" 282
"../../../Engine/Content/EngineSky/VolumetricClouds/CloudGradientTexture.uexp" 283
"../../../Engine/Content/EngineSky/VolumetricClouds/T_NoiseShape64.ubulk" 284
"../../../Engine/Content/EngineSky/VolumetricClouds/T_NoiseShape64.uasset" 285
"../../../Engine/Content/EngineSky/VolumetricClouds/T_NoiseShape64.uexp" 286
"../../../Engine/Content/EngineSky/VolumetricClouds/T_VolumeNoiseShape64.uasset" 287
"../../../Engine/Content/EngineSky/VolumetricClouds/T_VolumeNoiseShape64.uexp" 288
"../../../Engine/Content/EngineSky/VolumetricClouds/T_NoiseErosion.ubulk" 289
"../../../Engine/Content/EngineSky/VolumetricClouds/T_NoiseErosion.uasset" 290
"../../../Engine/Content/EngineSky/VolumetricClouds/T_NoiseErosion.uexp" 291
"../../../Engine/Content/EngineSky/VolumetricClouds/T_VolumeNoiseErosion32.uasset" 292
"../../../Engine/Content/EngineSky/VolumetricClouds/T_VolumeNoiseErosion32.uexp" 293
"../../../Engine/Content/EngineSky/VolumetricClouds/m_SimpleVolumetricCloud.uasset" 294
"../../../Engine/Content/EngineSky/VolumetricClouds/m_SimpleVolumetricCloud.uexp" 295
"../../../Engine/Content/EngineSky/VolumetricClouds/m_SimpleVolumetricCloud_Inst.uasset" 296
"../../../Engine/Content/EngineSky/VolumetricClouds/m_SimpleVolumetricCloud_Inst.uexp" 297
"../../../Engine/Content/EngineResources/GradientTexture0.uasset" 298
"../../../Engine/Content/EngineResources/GradientTexture0.uexp" 299
"../../../Engine/Content/EngineResources/DefaultVolumeTexture2D.uasset" 300
"../../../Engine/Content/EngineResources/DefaultVolumeTexture2D.uexp" 301
"../../../Engine/Content/EngineResources/DefaultVolumeTexture.uasset" 302
"../../../Engine/Content/EngineResources/DefaultVolumeTexture.uexp" 303
"../../../Engine/Content/EngineResources/DefaultTextureCube.uasset" 304
"../../../Engine/Content/EngineResources/DefaultTextureCube.uexp" 305
"../../../Engine/Content/EngineResources/DefaultTexture.ubulk" 306
"../../../Engine/Content/EngineResources/DefaultTexture.uasset" 307
"../../../Engine/Content/EngineResources/DefaultTexture.uexp" 308
"../../../Engine/Content/EngineResources/Black.uasset" 309
"../../../Engine/Content/EngineResources/Black.uexp" 310
"../../../Engine/Content/EngineResources/FilmGrains/Marcie_Grain_v3_128_M2_000.uasset" 311
"../../../Engine/Content/EngineResources/FilmGrains/Marcie_Grain_v3_128_M2_000.uexp" 312
"../../../Engine/Content/EngineMeshes/Sphere.uasset" 313
"../../../Engine/Content/EngineMeshes/Sphere.uexp" 314
"../../../Engine/Content/EngineResources/WhiteSquareTexture.uasset" 315
"../../../Engine/Content/EngineResources/WhiteSquareTexture.uexp" 316
"../../../Engine/Content/EngineMaterials/Widget3DPassThrough.uasset" 317
"../../../Engine/Content/EngineMaterials/Widget3DPassThrough.uexp" 318
"../../../Engine/Content/EngineMaterials/Widget3DPassThrough_Translucent.uasset" 319
"../../../Engine/Content/EngineMaterials/Widget3DPassThrough_Translucent.uexp" 320
"../../../Engine/Content/EngineMaterials/Widget3DPassThrough_Translucent_OneSided.uasset" 321
"../../../Engine/Content/EngineMaterials/Widget3DPassThrough_Translucent_OneSided.uexp" 322
"../../../Engine/Content/EngineMaterials/Widget3DPassThrough_Opaque.uasset" 323
"../../../Engine/Content/EngineMaterials/Widget3DPassThrough_Opaque.uexp" 324
"../../../Engine/Content/EngineMaterials/Widget3DPassThrough_Opaque_OneSided.uasset" 325
"../../../Engine/Content/EngineMaterials/Widget3DPassThrough_Opaque_OneSided.uexp" 326
"../../../Engine/Content/EngineMaterials/Widget3DPassThrough_Masked_OneSided.uasset" 327
"../../../Engine/Content/EngineMaterials/Widget3DPassThrough_Masked_OneSided.uexp" 328
"../../../Engine/Content/EngineMaterials/Widget3DPassThrough_Masked.uasset" 329
"../../../Engine/Content/EngineMaterials/Widget3DPassThrough_Masked.uexp" 330
"../../../Engine/Content/EngineMaterials/WeightMapPlaceholderTexture.uasset" 331
"../../../Engine/Content/EngineMaterials/WeightMapPlaceholderTexture.uexp" 332
"../../../Engine/Content/EngineMaterials/RemoveSurfaceMaterial.uasset" 333
"../../../Engine/Content/EngineMaterials/RemoveSurfaceMaterial.uexp" 334
"../../../Engine/Content/EngineMaterials/PreintegratedSkinBRDF.uasset" 335
"../../../Engine/Content/EngineMaterials/PreintegratedSkinBRDF.uexp" 336
"../../../Engine/Content/EngineMaterials/DefaultCalibrationGrayscale.uasset" 337
"../../../Engine/Content/EngineMaterials/DefaultCalibrationGrayscale.uexp" 338
"../../../Engine/Content/EngineMaterials/PPM_DefaultCalibrationGrayscale.uasset" 339
"../../../Engine/Content/EngineMaterials/PPM_DefaultCalibrationGrayscale.uexp" 340
"../../../Engine/Content/EngineMaterials/DefaultCalibrationColor.uasset" 341
"../../../Engine/Content/EngineMaterials/DefaultCalibrationColor.uexp" 342
"../../../Engine/Content/EngineMaterials/PPM_DefaultCalibrationColor.uasset" 343
"../../../Engine/Content/EngineMaterials/PPM_DefaultCalibrationColor.uexp" 344
"../../../Engine/Content/EngineMaterials/PhAT_JointLimitMaterial.uasset" 345
"../../../Engine/Content/EngineMaterials/PhAT_JointLimitMaterial.uexp" 346
"../../../Engine/Content/EngineMaterials/InvalidLightmapSettings.ubulk" 347
"../../../Engine/Content/EngineMaterials/InvalidLightmapSettings.uasset" 348
"../../../Engine/Content/EngineMaterials/InvalidLightmapSettings.uexp" 349
"../../../Engine/Content/EngineMaterials/M_InvalidLightmapSettings.uasset" 350
"../../../Engine/Content/EngineMaterials/M_InvalidLightmapSettings.uexp" 351
"../../../Engine/Content/EngineMaterials/MiniFont.uasset" 352
"../../../Engine/Content/EngineMaterials/MiniFont.uexp" 353
"../../../Engine/Content/EngineMaterials/Good64x64TilingNoiseHighFreq.uasset" 354
"../../../Engine/Content/EngineMaterials/Good64x64TilingNoiseHighFreq.uexp" 355
"../../../Engine/Content/EngineMaterials/GizmoMaterial.uasset" 356
"../../../Engine/Content/EngineMaterials/GizmoMaterial.uexp" 357
"../../../Engine/Content/EngineMaterials/BaseFlattenEmissiveMap_VT.uasset" 358
"../../../Engine/Content/EngineMaterials/BaseFlattenEmissiveMap_VT.uexp" 359
"../../../Engine/Content/EngineMaterials/BaseFlattenGrayscaleMap_VT.uasset" 360
"../../../Engine/Content/EngineMaterials/BaseFlattenGrayscaleMap_VT.uexp" 361
"../../../Engine/Content/EngineMaterials/BaseFlattenLinearColor_VT.uasset" 362
"../../../Engine/Content/EngineMaterials/BaseFlattenLinearColor_VT.uexp" 363
"../../../Engine/Content/EngineMaterials/Black_1x1_EXR_Texture_VT.uasset" 364
"../../../Engine/Content/EngineMaterials/Black_1x1_EXR_Texture_VT.uexp" 365
"../../../Engine/Content/EngineMaterials/BaseFlattenDiffuseMap_VT.uasset" 366
"../../../Engine/Content/EngineMaterials/BaseFlattenDiffuseMap_VT.uexp" 367
"../../../Engine/Content/EngineMaterials/BaseFlattenNormalMap_VT.uasset" 368
"../../../Engine/Content/EngineMaterials/BaseFlattenNormalMap_VT.uexp" 369
"../../../Engine/Content/EngineMaterials/FlattenMaterial_WS_Normal_VT.uasset" 370
"../../../Engine/Content/EngineMaterials/FlattenMaterial_WS_Normal_VT.uexp" 371
"../../../Engine/Content/EngineMaterials/FlattenMaterial_VT.uasset" 372
"../../../Engine/Content/EngineMaterials/FlattenMaterial_VT.uexp" 373
"../../../Engine/Content/EngineMaterials/BaseFlattenNormalMap.uasset" 374
"../../../Engine/Content/EngineMaterials/BaseFlattenNormalMap.uexp" 375
"../../../Engine/Content/EngineMaterials/BaseFlattenGrayscaleMap.uasset" 376
"../../../Engine/Content/EngineMaterials/BaseFlattenGrayscaleMap.uexp" 377
"../../../Engine/Content/EngineMaterials/BaseFlattenDiffuseMap.uasset" 378
"../../../Engine/Content/EngineMaterials/BaseFlattenDiffuseMap.uexp" 379
"../../../Engine/Content/Functions/Engine_MaterialFunctions02/PivotPainter2/Black_1x1_EXR_Texture.uasset" 380
"../../../Engine/Content/Functions/Engine_MaterialFunctions02/PivotPainter2/Black_1x1_EXR_Texture.uexp" 381
"../../../Engine/Content/EngineMaterials/BaseFlattenEmissiveMap.uasset" 382
"../../../Engine/Content/EngineMaterials/BaseFlattenEmissiveMap.uexp" 383
"../../../Engine/Content/EngineMaterials/BaseFlattenLinearColor.uasset" 384
"../../../Engine/Content/EngineMaterials/BaseFlattenLinearColor.uexp" 385
"../../../Engine/Content/EngineMaterials/FlattenMaterial.uasset" 386
"../../../Engine/Content/EngineMaterials/FlattenMaterial.uexp" 387
"../../../Engine/Content/EngineMaterials/DefaultWhiteGrid_Low.uasset" 388
"../../../Engine/Content/EngineMaterials/DefaultWhiteGrid_Low.uexp" 389
"../../../Engine/Content/EngineMaterials/EmissiveMeshMaterial.uasset" 390
"../../../Engine/Content/EngineMaterials/EmissiveMeshMaterial.uexp" 391
"../../../Engine/Content/EngineMaterials/DefaultWhiteGrid.ubulk" 392
"../../../Engine/Content/EngineMaterials/DefaultWhiteGrid.uasset" 393
"../../../Engine/Content/EngineMaterials/DefaultWhiteGrid.uexp" 394
"../../../Engine/Content/EngineFonts/RobotoDistanceField.uasset" 395
"../../../Engine/Content/EngineFonts/RobotoDistanceField.uexp" 396
"../../../Engine/Content/EngineMaterials/DefaultTextMaterialOpaque.uasset" 397
"../../../Engine/Content/EngineMaterials/DefaultTextMaterialOpaque.uexp" 398
"../../../Engine/Content/EngineMaterials/DefaultDiffuse.ubulk" 399
"../../../Engine/Content/EngineMaterials/DefaultDiffuse.uasset" 400
"../../../Engine/Content/EngineMaterials/DefaultDiffuse.uexp" 401
"../../../Engine/Content/Functions/Engine_MaterialFunctions02/Utility/BreakOutFloat2Components.uasset" 402
"../../../Engine/Content/Functions/Engine_MaterialFunctions02/Utility/BreakOutFloat2Components.uexp" 403
"../../../Engine/Content/EngineMaterials/DefaultPostProcessMaterial.uasset" 404
"../../../Engine/Content/EngineMaterials/DefaultPostProcessMaterial.uexp" 405
"../../../Engine/Content/EngineMaterials/DefaultPhysicalMaterial.uasset" 406
"../../../Engine/Content/EngineMaterials/DefaultPhysicalMaterial.uexp" 407
"../../../Engine/Content/EngineMaterials/DefaultLightFunctionMaterial.uasset" 408
"../../../Engine/Content/EngineMaterials/DefaultLightFunctionMaterial.uexp" 409
"../../../Engine/Content/EngineMaterials/DefaultDestructiblePhysicalMaterial.uasset" 410
"../../../Engine/Content/EngineMaterials/DefaultDestructiblePhysicalMaterial.uexp" 411
"../../../Engine/Content/EngineMaterials/DefaultDeferredDecalMaterial.uasset" 412
"../../../Engine/Content/EngineMaterials/DefaultDeferredDecalMaterial.uexp" 413
"../../../Engine/Content/EngineMaterials/DefaultBokeh.uasset" 414
"../../../Engine/Content/EngineMaterials/DefaultBokeh.uexp" 415
"../../../Engine/Content/EngineMaterials/DefaultBloomKernel.uasset" 416
"../../../Engine/Content/EngineMaterials/DefaultBloomKernel.uexp" 417
"../../../Engine/Content/EngineMaterials/BlueNoise.uasset" 418
"../../../Engine/Content/EngineMaterials/BlueNoise.uexp" 419
"../../../Engine/Content/EngineFonts/Faces/RobotoLight.uexp" 420
"../../../Engine/Content/EngineFonts/Faces/RobotoLight.uasset" 421
"../../../Engine/Content/EngineFonts/Faces/RobotoLight.ufont" 422
"../../../Engine/Content/EngineFonts/Faces/RobotoBold.uexp" 423
"../../../Engine/Content/EngineFonts/Faces/RobotoBold.uasset" 424
"../../../Engine/Content/EngineFonts/Faces/RobotoBold.ufont" 425
"../../../Engine/Content/EngineFonts/Faces/RobotoRegular.uexp" 426
"../../../Engine/Content/EngineFonts/Faces/RobotoRegular.uasset" 427
"../../../Engine/Content/EngineFonts/Faces/RobotoRegular.ufont" 428
"../../../Engine/Content/EngineFonts/Faces/DroidSansFallback.uexp" 429
"../../../Engine/Content/EngineFonts/Faces/DroidSansFallback.uasset" 430
"../../../Engine/Content/EngineFonts/Faces/DroidSansFallback.ufont" 431
"../../../Engine/Content/EngineFonts/Faces/RobotoItalic.uexp" 432
"../../../Engine/Content/EngineFonts/Faces/RobotoItalic.uasset" 433
"../../../Engine/Content/EngineFonts/Faces/RobotoItalic.ufont" 434
"../../../Engine/Content/EngineFonts/Faces/RobotoBoldItalic.uexp" 435
"../../../Engine/Content/EngineFonts/Faces/RobotoBoldItalic.uasset" 436
"../../../Engine/Content/EngineFonts/Faces/RobotoBoldItalic.ufont" 437
"../../../Engine/Content/EngineFonts/Roboto.uasset" 438
"../../../Engine/Content/EngineFonts/Roboto.uexp" 439
"../../../Engine/Content/Functions/Engine_MaterialFunctions02/Utility/CameraDirectionVector.uasset" 440
"../../../Engine/Content/Functions/Engine_MaterialFunctions02/Utility/CameraDirectionVector.uexp" 441
"../../../Engine/Content/EngineDebugMaterials/VolumeToRender.uasset" 442
"../../../Engine/Content/EngineDebugMaterials/VolumeToRender.uexp" 443
"../../../Engine/Content/EngineDebugMaterials/M_VolumeRenderSphereTracePP.uasset" 444
"../../../Engine/Content/EngineDebugMaterials/M_VolumeRenderSphereTracePP.uexp" 445
"../../../Engine/Content/EngineDebugMaterials/M_SimpleUnlitTranslucent.uasset" 446
"../../../Engine/Content/EngineDebugMaterials/M_SimpleUnlitTranslucent.uexp" 447
"../../../Engine/Content/EngineDebugMaterials/DebugMeshMaterial.uasset" 448
"../../../Engine/Content/EngineDebugMaterials/DebugMeshMaterial.uexp" 449
"../../../Engine/Content/EngineDebugMaterials/DebugEditorMaterial.uasset" 450
"../../../Engine/Content/EngineDebugMaterials/DebugEditorMaterial.uexp" 451
"../../../Engine/Content/EngineDamageTypes/DmgTypeBP_Environmental.uasset" 452
"../../../Engine/Content/EngineDamageTypes/DmgTypeBP_Environmental.uexp" 453
"../../../Engine/Content/EditorResources/S_TriggerSphere.uasset" 454
"../../../Engine/Content/EditorResources/S_TriggerSphere.uexp" 455
"../../../Engine/Content/EditorResources/S_TriggerCapsule.uasset" 456
"../../../Engine/Content/EditorResources/S_TriggerCapsule.uexp" 457
"../../../Engine/Content/EditorResources/S_TriggerBox.uasset" 458
"../../../Engine/Content/EditorResources/S_TriggerBox.uexp" 459
"../../../Engine/Content/EditorResources/S_Trigger.ubulk" 460
"../../../Engine/Content/EditorResources/S_Trigger.uasset" 461
"../../../Engine/Content/EditorResources/S_Trigger.uexp" 462
"../../../Engine/Content/EditorResources/S_Terrain.ubulk" 463
"../../../Engine/Content/EditorResources/S_Terrain.uasset" 464
"../../../Engine/Content/EditorResources/S_Terrain.uexp" 465
"../../../Engine/Content/EditorResources/S_Solver.ubulk" 466
"../../../Engine/Content/EditorResources/S_Solver.uasset" 467
"../../../Engine/Content/EditorResources/S_Solver.uexp" 468
"../../../Engine/Content/EditorResources/S_BoxReflectionCapture.uasset" 469
"../../../Engine/Content/EditorResources/S_BoxReflectionCapture.uexp" 470
"../../../Engine/Content/EditorResources/S_Actor.ubulk" 471
"../../../Engine/Content/EditorResources/S_Actor.uasset" 472
"../../../Engine/Content/EditorResources/S_Actor.uexp" 473
"../../../Engine/Content/EditorResources/EmptyActor.uasset" 474
"../../../Engine/Content/EditorResources/EmptyActor.uexp" 475
"../../../Engine/Content/EditorResources/BSPVertex.uasset" 476
"../../../Engine/Content/EditorResources/BSPVertex.uexp" 477
"../../../Engine/Content/EditorResources/SequenceRecorder/RecordingIndicator.uasset" 478
"../../../Engine/Content/EditorResources/SequenceRecorder/RecordingIndicator.uexp" 479
"../../../Engine/Content/EditorResources/SequenceRecorder/Countdown.uasset" 480
"../../../Engine/Content/EditorResources/SequenceRecorder/Countdown.uexp" 481
"../../../Engine/Content/EditorResources/LightIcons/S_LightError.uasset" 482
"../../../Engine/Content/EditorResources/LightIcons/S_LightError.uexp" 483
"../../../Engine/Content/EditorMaterials/Camera/CineMat.uasset" 484
"../../../Engine/Content/EditorMaterials/Camera/CineMat.uexp" 485
"../../../Engine/Content/EditorMaterials/Camera/MI_CineMat_Rig.uasset" 486
"../../../Engine/Content/EditorMaterials/Camera/MI_CineMat_Rig.uexp" 487
"../../../Engine/Content/EditorMeshes/Camera/SM_RailRig_Track.uasset" 488
"../../../Engine/Content/EditorMeshes/Camera/SM_RailRig_Track.uexp" 489
"../../../Engine/Content/EditorMeshes/Camera/SM_RailRig_Mount.uasset" 490
"../../../Engine/Content/EditorMeshes/Camera/SM_RailRig_Mount.uexp" 491
"../../../Engine/Content/EditorMeshes/Camera/SM_CraneRig_Mount.uasset" 492
"../../../Engine/Content/EditorMeshes/Camera/SM_CraneRig_Mount.uexp" 493
"../../../Engine/Content/EditorMeshes/Camera/SM_CraneRig_Body.uasset" 494
"../../../Engine/Content/EditorMeshes/Camera/SM_CraneRig_Body.uexp" 495
"../../../Engine/Content/EditorMeshes/Camera/SM_CraneRig_Base.uasset" 496
"../../../Engine/Content/EditorMeshes/Camera/SM_CraneRig_Base.uexp" 497
"../../../Engine/Content/EditorMeshes/Camera/SM_CraneRig_Arm.uasset" 498
"../../../Engine/Content/EditorMeshes/Camera/SM_CraneRig_Arm.uexp" 499
"../../../Engine/Content/EditorMaterials/PreviewShadowIndicator.ubulk" 500
"../../../Engine/Content/EditorMaterials/PreviewShadowIndicator.uasset" 501
"../../../Engine/Content/EditorMaterials/PreviewShadowIndicator.uexp" 502
"../../../Engine/Content/EditorMaterials/PreviewShadowIndicatorMaterial.uasset" 503
"../../../Engine/Content/EditorMaterials/PreviewShadowIndicatorMaterial.uexp" 504
"../../../Engine/Content/EditorMaterials/MAT_Groups_Visibility.uasset" 505
"../../../Engine/Content/EditorMaterials/MAT_Groups_Visibility.uexp" 506
"../../../Engine/Content/EditorMaterials/MAT_Groups_Toggle.uasset" 507
"../../../Engine/Content/EditorMaterials/MAT_Groups_Toggle.uexp" 508
"../../../Engine/Content/Functions/Engine_MaterialFunctions02/Utility/MakeFloat4.uasset" 509
"../../../Engine/Content/Functions/Engine_MaterialFunctions02/Utility/MakeFloat4.uexp" 510
"../../../Engine/Content/EditorMaterials/WorldPartition/WorldPartitionSpatialHashGridPreviewMaterial.uasset" 511
"../../../Engine/Content/EditorMaterials/WorldPartition/WorldPartitionSpatialHashGridPreviewMaterial.uexp" 512
"../../../Engine/Content/EditorMaterials/ParticleSystems/PSysThumbnail_OOD.ubulk" 513
"../../../Engine/Content/EditorMaterials/ParticleSystems/PSysThumbnail_OOD.uasset" 514
"../../../Engine/Content/EditorMaterials/ParticleSystems/PSysThumbnail_OOD.uexp" 515
"../../../Engine/Content/EditorMaterials/ParticleSystems/PSysThumbnail_NoImage.ubulk" 516
"../../../Engine/Content/EditorMaterials/ParticleSystems/PSysThumbnail_NoImage.uasset" 517
"../../../Engine/Content/EditorMaterials/ParticleSystems/PSysThumbnail_NoImage.uexp" 518
"../../../Engine/Content/EditorMaterials/MatineeGroups/MAT_Groups_Vector.uasset" 519
"../../../Engine/Content/EditorMaterials/MatineeGroups/MAT_Groups_Vector.uexp" 520
"../../../Engine/Content/EditorMaterials/MatineeGroups/MAT_Groups_Sound.uasset" 521
"../../../Engine/Content/EditorMaterials/MatineeGroups/MAT_Groups_Sound.uexp" 522
"../../../Engine/Content/EditorMaterials/MatineeGroups/MAT_Groups_Slomo.uasset" 523
"../../../Engine/Content/EditorMaterials/MatineeGroups/MAT_Groups_Slomo.uexp" 524
"../../../Engine/Content/EditorMaterials/MatineeGroups/MAT_Groups_Move.uasset" 525
"../../../Engine/Content/EditorMaterials/MatineeGroups/MAT_Groups_Move.uexp" 526
"../../../Engine/Content/EditorMaterials/MatineeGroups/MAT_Groups_Float.uasset" 527
"../../../Engine/Content/EditorMaterials/MatineeGroups/MAT_Groups_Float.uexp" 528
"../../../Engine/Content/EditorMaterials/MatineeGroups/MAT_Groups_Fade.uasset" 529
"../../../Engine/Content/EditorMaterials/MatineeGroups/MAT_Groups_Fade.uexp" 530
"../../../Engine/Content/EditorMaterials/MatineeGroups/MAT_Groups_Event.uasset" 531
"../../../Engine/Content/EditorMaterials/MatineeGroups/MAT_Groups_Event.uexp" 532
"../../../Engine/Content/EditorMaterials/MatineeGroups/MAT_Groups_Director.uasset" 533
"../../../Engine/Content/EditorMaterials/MatineeGroups/MAT_Groups_Director.uexp" 534
"../../../Engine/Content/EditorMaterials/MatineeGroups/MAT_Groups_AudioMaster.uasset" 535
"../../../Engine/Content/EditorMaterials/MatineeGroups/MAT_Groups_AudioMaster.uexp" 536
"../../../Engine/Content/EditorMaterials/MatineeGroups/MAT_Groups_Anim.uasset" 537
"../../../Engine/Content/EditorMaterials/MatineeGroups/MAT_Groups_Anim.uexp" 538
"../../../Engine/Content/EditorMaterials/MatineeGroups/MAT_ColorTrack.uasset" 539
"../../../Engine/Content/EditorMaterials/MatineeGroups/MAT_ColorTrack.uexp" 540
"../../../Engine/Content/EditorLandscapeResources/DefaultAlphaTexture.uasset" 541
"../../../Engine/Content/EditorLandscapeResources/DefaultAlphaTexture.uexp" 542
"../../../Engine/Content/EditorLandscapeResources/DataLayer.uasset" 543
"../../../Engine/Content/EditorLandscapeResources/DataLayer.uexp" 544
"../../../Engine/Content/EngineMaterials/DefaultMaterial.uasset" 545
"../../../Engine/Content/EngineMaterials/DefaultMaterial.uexp" 546
"../../../Engine/Content/BasicShapes/Sphere.uasset" 547
"../../../Engine/Content/BasicShapes/Sphere.uexp" 548
"../../../Engine/Content/BasicShapes/Plane.uasset" 549
"../../../Engine/Content/BasicShapes/Plane.uexp" 550
"../../../Engine/Content/BasicShapes/Cylinder.uasset" 551
"../../../Engine/Content/BasicShapes/Cylinder.uexp" 552
"../../../Engine/Content/BasicShapes/Cone.uasset" 553
"../../../Engine/Content/BasicShapes/Cone.uexp" 554
"../../../Engine/Content/ArtTools/RenderToTexture/Meshes/S_1_Unit_Plane.uasset" 555
"../../../Engine/Content/ArtTools/RenderToTexture/Meshes/S_1_Unit_Plane.uexp" 556
"D:/Epic Games/UE5Projects/ToonTanks 5.0/Content/Maps/Main_BuiltData.ubulk" 557
"D:/Epic Games/UE5Projects/ToonTanks 5.0/Content/Maps/Main_BuiltData.uasset" 558
"D:/Epic Games/UE5Projects/ToonTanks 5.0/Content/Maps/Main_BuiltData.uexp" 559
"D:/Epic Games/UE5Projects/ToonTanks 5.0/Content/Assets/Meshes/SM_TowerTurret.uasset" 560
"D:/Epic Games/UE5Projects/ToonTanks 5.0/Content/Assets/Meshes/SM_TowerTurret.uexp" 561
"D:/Epic Games/UE5Projects/ToonTanks 5.0/Content/Assets/Meshes/SM_TowerBase.uasset" 562
"D:/Epic Games/UE5Projects/ToonTanks 5.0/Content/Assets/Meshes/SM_TowerBase.uexp" 563
"D:/Epic Games/UE5Projects/ToonTanks 5.0/Content/Blueprints/Pawns/BP_PawnTurret.uasset" 564
"D:/Epic Games/UE5Projects/ToonTanks 5.0/Content/Blueprints/Pawns/BP_PawnTurret.uexp" 565
"../../../Engine/Content/EngineSky/C_Sky_Horizon_Color.uasset" 566
"../../../Engine/Content/EngineSky/C_Sky_Horizon_Color.uexp" 567
"../../../Engine/Content/EngineSky/T_Sky_Stars.ubulk" 568
"../../../Engine/Content/EngineSky/T_Sky_Stars.uasset" 569
"../../../Engine/Content/EngineSky/T_Sky_Stars.uexp" 570
"../../../Engine/Content/EngineSky/T_Sky_Clouds_M.ubulk" 571
"../../../Engine/Content/EngineSky/T_Sky_Clouds_M.uasset" 572
"../../../Engine/Content/EngineSky/T_Sky_Clouds_M.uexp" 573
"../../../Engine/Content/EngineSky/T_Sky_Blue.ubulk" 574
"../../../Engine/Content/EngineSky/T_Sky_Blue.uasset" 575
"../../../Engine/Content/EngineSky/T_Sky_Blue.uexp" 576
"../../../Engine/Content/EngineSky/M_Sky_Panning_Clouds2.uasset" 577
"../../../Engine/Content/EngineSky/M_Sky_Panning_Clouds2.uexp" 578
"../../../Engine/Content/EngineSky/SM_SkySphere.uasset" 579
"../../../Engine/Content/EngineSky/SM_SkySphere.uexp" 580
"../../../Engine/Content/EngineSky/C_Sky_Cloud_Color.uasset" 581
"../../../Engine/Content/EngineSky/C_Sky_Cloud_Color.uexp" 582
"../../../Engine/Content/EngineSky/C_Sky_Zenith_Color.uasset" 583
"../../../Engine/Content/EngineSky/C_Sky_Zenith_Color.uexp" 584
"../../../Engine/Content/EditorBlueprintResources/StandardMacros.uasset" 585
"../../../Engine/Content/EditorBlueprintResources/StandardMacros.uexp" 586
"../../../Engine/Content/EngineSky/BP_Sky_Sphere.uasset" 587
"../../../Engine/Content/EngineSky/BP_Sky_Sphere.uexp" 588
"../../../Engine/Content/BasicShapes/Cube.uasset" 589
"../../../Engine/Content/BasicShapes/Cube.uexp" 590
"../../../Engine/Content/MapTemplates/SM_Template_Map_Floor.uasset" 591
"../../../Engine/Content/MapTemplates/SM_Template_Map_Floor.uexp" 592
"D:/Epic Games/UE5Projects/ToonTanks 5.0/Content/Assets/Textures/T_BasicGrid_M.ubulk" 593
"D:/Epic Games/UE5Projects/ToonTanks 5.0/Content/Assets/Textures/T_BasicGrid_M.uasset" 594
"D:/Epic Games/UE5Projects/ToonTanks 5.0/Content/Assets/Textures/T_BasicGrid_M.uexp" 595
"D:/Epic Games/UE5Projects/ToonTanks 5.0/Content/Assets/Materials/Functions/Basic/MakeSet.uasset" 596
"D:/Epic Games/UE5Projects/ToonTanks 5.0/Content/Assets/Materials/Functions/Basic/MakeSet.uexp" 597
"D:/Epic Games/UE5Projects/ToonTanks 5.0/Content/Assets/Materials/Functions/Basic/BreakSet.uasset" 598
"D:/Epic Games/UE5Projects/ToonTanks 5.0/Content/Assets/Materials/Functions/Basic/BreakSet.uexp" 599
"D:/Epic Games/UE5Projects/ToonTanks 5.0/Content/Assets/Materials/Functions/Texture/Tex_SimpleGrid.uasset" 600
"D:/Epic Games/UE5Projects/ToonTanks 5.0/Content/Assets/Materials/Functions/Texture/Tex_SimpleGrid.uexp" 601
"../../../Engine/Content/Functions/Engine_MaterialFunctions02/Utility/Sign.uasset" 602
"../../../Engine/Content/Functions/Engine_MaterialFunctions02/Utility/Sign.uexp" 603
"D:/Epic Games/UE5Projects/ToonTanks 5.0/Content/Assets/Textures/T_BasicGrid_N.ubulk" 604
"D:/Epic Games/UE5Projects/ToonTanks 5.0/Content/Assets/Textures/T_BasicGrid_N.uasset" 605
"D:/Epic Games/UE5Projects/ToonTanks 5.0/Content/Assets/Textures/T_BasicGrid_N.uexp" 606
"../../../Engine/Content/Functions/Engine_MaterialFunctions02/Utility/Round.uasset" 607
"../../../Engine/Content/Functions/Engine_MaterialFunctions02/Utility/Round.uexp" 608
"D:/Epic Games/UE5Projects/ToonTanks 5.0/Content/Assets/Materials/Functions/Texture/Dye_SingleColor.uasset" 609
"D:/Epic Games/UE5Projects/ToonTanks 5.0/Content/Assets/Materials/Functions/Texture/Dye_SingleColor.uexp" 610
"D:/Epic Games/UE5Projects/ToonTanks 5.0/Content/Assets/Materials/Functions/UV/UV_SetupGrid.uasset" 611
"D:/Epic Games/UE5Projects/ToonTanks 5.0/Content/Assets/Materials/Functions/UV/UV_SetupGrid.uexp" 612
"D:/Epic Games/UE5Projects/ToonTanks 5.0/Content/Assets/Materials/Functions/UV/UV_ObjectScalable.uasset" 613
"D:/Epic Games/UE5Projects/ToonTanks 5.0/Content/Assets/Materials/Functions/UV/UV_ObjectScalable.uexp" 614
"D:/Epic Games/UE5Projects/ToonTanks 5.0/Content/Assets/Materials/Base/M_GridBase.uasset" 615
"D:/Epic Games/UE5Projects/ToonTanks 5.0/Content/Assets/Materials/Base/M_GridBase.uexp" 616
"D:/Epic Games/UE5Projects/ToonTanks 5.0/Content/Assets/Materials/Base/M_Grid_Inst.uasset" 617
"D:/Epic Games/UE5Projects/ToonTanks 5.0/Content/Assets/Materials/Base/M_Grid_Inst.uexp" 618
"D:/Epic Games/UE5Projects/ToonTanks 5.0/Content/Maps/Main.uexp" 619
"D:/Epic Games/UE5Projects/ToonTanks 5.0/Content/Maps/Main.umap" 620
"../../../Engine/Content/Maps/Entry_BuiltData.uasset" 621
"../../../Engine/Content/Maps/Entry_BuiltData.uexp" 622
"../../../Engine/Content/Maps/Entry.uexp" 623
"../../../Engine/Content/Maps/Entry.umap" 624
